Determining if the pthread_create exist failed with the following output:
Change Dir: /home/hi/analysis_ws/build/catkin_tools_prebuild/CMakeFiles/CMakeTmp

Run Build Command:"/usr/bin/make" "cmTC_c09d0/fast"
/usr/bin/make -f CMakeFiles/cmTC_c09d0.dir/build.make CMakeFiles/cmTC_c09d0.dir/build
make[1]: ディレクトリ '/home/hi/analysis_ws/build/catkin_tools_prebuild/CMakeFiles/CMakeTmp' に入ります
Building C object CMakeFiles/cmTC_c09d0.dir/CheckSymbolExists.c.o
/usr/bin/cc     -o CMakeFiles/cmTC_c09d0.dir/CheckSymbolExists.c.o   -c /home/hi/analysis_ws/build/catkin_tools_prebuild/CMakeFiles/CMakeTmp/CheckSymbolExists.c
Linking C executable cmTC_c09d0
/usr/bin/cmake -E cmake_link_script CMakeFiles/cmTC_c09d0.dir/link.txt --verbose=1
/usr/bin/cc       CMakeFiles/cmTC_c09d0.dir/CheckSymbolExists.c.o  -o cmTC_c09d0 -rdynamic 
CMakeFiles/cmTC_c09d0.dir/CheckSymbolExists.c.o: 関数 `main' 内:
CheckSymbolExists.c:(.text+0x16): `pthread_create' に対する定義されていない参照です
collect2: error: ld returned 1 exit status
CMakeFiles/cmTC_c09d0.dir/build.make:97: ターゲット 'cmTC_c09d0' のレシピで失敗しました
make[1]: *** [cmTC_c09d0] エラー 1
make[1]: ディレクトリ '/home/hi/analysis_ws/build/catkin_tools_prebuild/CMakeFiles/CMakeTmp' から出ます
Makefile:126: ターゲット 'cmTC_c09d0/fast' のレシピで失敗しました
make: *** [cmTC_c09d0/fast] エラー 2

File /home/hi/analysis_ws/build/catkin_tools_prebuild/CMakeFiles/CMakeTmp/CheckSymbolExists.c:
/* */
#include <pthread.h>

int main(int argc, char** argv)
{
  (void)argv;
#ifndef pthread_create
  return ((int*)(&pthread_create))[argc];
#else
  (void)argc;
  return 0;
#endif
}

Determining if the function pthread_create exists in the pthreads failed with the following output:
Change Dir: /home/hi/analysis_ws/build/catkin_tools_prebuild/CMakeFiles/CMakeTmp

Run Build Command:"/usr/bin/make" "cmTC_a1800/fast"
/usr/bin/make -f CMakeFiles/cmTC_a1800.dir/build.make CMakeFiles/cmTC_a1800.dir/build
make[1]: ディレクトリ '/home/hi/analysis_ws/build/catkin_tools_prebuild/CMakeFiles/CMakeTmp' に入ります
Building C object CMakeFiles/cmTC_a1800.dir/CheckFunctionExists.c.o
/usr/bin/cc    -DCHECK_FUNCTION_EXISTS=pthread_create   -o CMakeFiles/cmTC_a1800.dir/CheckFunctionExists.c.o   -c /usr/share/cmake-3.5/Modules/CheckFunctionExists.c
Linking C executable cmTC_a1800
/usr/bin/cmake -E cmake_link_script CMakeFiles/cmTC_a1800.dir/link.txt --verbose=1
/usr/bin/cc   -DCHECK_FUNCTION_EXISTS=pthread_create    CMakeFiles/cmTC_a1800.dir/CheckFunctionExists.c.o  -o cmTC_a1800 -rdynamic -lpthreads 
/usr/bin/ld: -lpthreads が見つかりません
collect2: error: ld returned 1 exit status
CMakeFiles/cmTC_a1800.dir/build.make:97: ターゲット 'cmTC_a1800' のレシピで失敗しました
make[1]: *** [cmTC_a1800] エラー 1
make[1]: ディレクトリ '/home/hi/analysis_ws/build/catkin_tools_prebuild/CMakeFiles/CMakeTmp' から出ます
Makefile:126: ターゲット 'cmTC_a1800/fast' のレシピで失敗しました
make: *** [cmTC_a1800/fast] エラー 2


