Determining if the pthread_create exist failed with the following output:
Change Dir: /home/hi/analysis_ws/build/point_analyzer/CMakeFiles/CMakeTmp

Run Build Command:"/usr/bin/make" "cmTC_9f5b4/fast"
/usr/bin/make -f CMakeFiles/cmTC_9f5b4.dir/build.make CMakeFiles/cmTC_9f5b4.dir/build
make[1]: ディレクトリ '/home/hi/analysis_ws/build/point_analyzer/CMakeFiles/CMakeTmp' に入ります
Building C object CMakeFiles/cmTC_9f5b4.dir/CheckSymbolExists.c.o
/usr/bin/cc     -o CMakeFiles/cmTC_9f5b4.dir/CheckSymbolExists.c.o   -c /home/hi/analysis_ws/build/point_analyzer/CMakeFiles/CMakeTmp/CheckSymbolExists.c
Linking C executable cmTC_9f5b4
/usr/bin/cmake -E cmake_link_script CMakeFiles/cmTC_9f5b4.dir/link.txt --verbose=1
/usr/bin/cc       CMakeFiles/cmTC_9f5b4.dir/CheckSymbolExists.c.o  -o cmTC_9f5b4 -rdynamic 
CMakeFiles/cmTC_9f5b4.dir/CheckSymbolExists.c.o: 関数 `main' 内:
CheckSymbolExists.c:(.text+0x16): `pthread_create' に対する定義されていない参照です
collect2: error: ld returned 1 exit status
CMakeFiles/cmTC_9f5b4.dir/build.make:97: ターゲット 'cmTC_9f5b4' のレシピで失敗しました
make[1]: *** [cmTC_9f5b4] エラー 1
make[1]: ディレクトリ '/home/hi/analysis_ws/build/point_analyzer/CMakeFiles/CMakeTmp' から出ます
Makefile:126: ターゲット 'cmTC_9f5b4/fast' のレシピで失敗しました
make: *** [cmTC_9f5b4/fast] エラー 2

File /home/hi/analysis_ws/build/point_analyzer/CMakeFiles/CMakeTmp/CheckSymbolExists.c:
/* */
#include <pthread.h>

int main(int argc, char** argv)
{
  (void)argv;
#ifndef pthread_create
  return ((int*)(&pthread_create))[argc];
#else
  (void)argc;
  return 0;
#endif
}

Determining if the function pthread_create exists in the pthreads failed with the following output:
Change Dir: /home/hi/analysis_ws/build/point_analyzer/CMakeFiles/CMakeTmp

Run Build Command:"/usr/bin/make" "cmTC_5346f/fast"
/usr/bin/make -f CMakeFiles/cmTC_5346f.dir/build.make CMakeFiles/cmTC_5346f.dir/build
make[1]: ディレクトリ '/home/hi/analysis_ws/build/point_analyzer/CMakeFiles/CMakeTmp' に入ります
Building C object CMakeFiles/cmTC_5346f.dir/CheckFunctionExists.c.o
/usr/bin/cc    -DCHECK_FUNCTION_EXISTS=pthread_create   -o CMakeFiles/cmTC_5346f.dir/CheckFunctionExists.c.o   -c /usr/share/cmake-3.5/Modules/CheckFunctionExists.c
Linking C executable cmTC_5346f
/usr/bin/cmake -E cmake_link_script CMakeFiles/cmTC_5346f.dir/link.txt --verbose=1
/usr/bin/cc   -DCHECK_FUNCTION_EXISTS=pthread_create    CMakeFiles/cmTC_5346f.dir/CheckFunctionExists.c.o  -o cmTC_5346f -rdynamic -lpthreads 
/usr/bin/ld: -lpthreads が見つかりません
collect2: error: ld returned 1 exit status
CMakeFiles/cmTC_5346f.dir/build.make:97: ターゲット 'cmTC_5346f' のレシピで失敗しました
make[1]: *** [cmTC_5346f] エラー 1
make[1]: ディレクトリ '/home/hi/analysis_ws/build/point_analyzer/CMakeFiles/CMakeTmp' から出ます
Makefile:126: ターゲット 'cmTC_5346f/fast' のレシピで失敗しました
make: *** [cmTC_5346f/fast] エラー 2


