[36m--[0m Using CATKIN_DEVEL_PREFIX: /home/hi/analysis_ws/devel/.private/point_analyzer
[36m--[0m Using CMAKE_PREFIX_PATH: /home/hi/analysis_ws/devel;/home/hi/slam_ws/devel;/home/hi/pcl_ws/devel;/home/hi/catkin_ws/devel;/opt/ros/kinetic
[36m--[0m This workspace overlays: /home/hi/analysis_ws/devel;/home/hi/slam_ws/devel;/home/hi/pcl_ws/devel;/home/hi/catkin_ws/devel;/opt/ros/kinetic
[36m--[0m Using PYTHON_EXECUTABLE: /usr/bin/python
[36m--[0m Using Debian Python package layout
[36m--[0m Using empy: /usr/bin/empy
[36m--[0m Using CATKIN_ENABLE_TESTING: ON
[36m--[0m Call enable_testing()
[36m--[0m Using CATKIN_TEST_RESULTS_DIR: /home/hi/analysis_ws/build/point_analyzer/test_results
[36m--[0m Found gmock sources under '/usr/src/gmock': gmock will be built
[36m--[0m Found gtest sources under '/usr/src/gmock': gtests will be built
[36m--[0m Using Python nosetests: /usr/bin/nosetests-2.7
[36m--[0m catkin 0.7.18
[36m--[0m BUILD_SHARED_LIBS is on
[31m[1mCMake Error[0m at /home/hi/analysis_ws/src/point_analyzer/CMakeLists.txt:212 (find_package):
  Could not find a configuration file for package "PCL" that is compatible
  with requested version "1.8".

  The following configuration files were considered but not accepted:

    /usr/lib/x86_64-linux-gnu/cmake/pcl/PCLConfig.cmake, version: 1.7.2
    /usr/lib/x86_64-linux-gnu/cmake/pcl/PCLConfig.cmake, version: 1.7.2



[36m--[0m Configuring incomplete, errors occurred!
See also "/home/hi/analysis_ws/build/point_analyzer/CMakeFiles/CMakeOutput.log".
See also "/home/hi/analysis_ws/build/point_analyzer/CMakeFiles/CMakeError.log".
