[36m--[0m Using CATKIN_DEVEL_PREFIX: /home/hi/analysis_ws/devel/.private/point_analyzer
[36m--[0m Using CMAKE_PREFIX_PATH: /home/hi/analysis_ws/devel;/home/hi/slam_ws/devel;/home/hi/pcl_ws/devel;/home/hi/catkin_ws/devel;/opt/ros/kinetic
[36m--[0m This workspace overlays: /home/hi/analysis_ws/devel;/home/hi/slam_ws/devel;/home/hi/pcl_ws/devel;/home/hi/catkin_ws/devel;/opt/ros/kinetic
[36m--[0m Using PYTHON_EXECUTABLE: /usr/bin/python
[36m--[0m Using Debian Python package layout
[36m--[0m Using empy: /usr/bin/empy
[36m--[0m Using CATKIN_ENABLE_TESTING: ON
[36m--[0m Call enable_testing()
[36m--[0m Using CATKIN_TEST_RESULTS_DIR: /home/hi/analysis_ws/build/point_analyzer/test_results
[36m--[0m Found gmock sources under '/usr/src/gmock': gmock will be built
[36m--[0m Found gtest sources under '/usr/src/gmock': gtests will be built
[36m--[0m Using Python nosetests: /usr/bin/nosetests-2.7
[36m--[0m catkin 0.7.18
[36m--[0m BUILD_SHARED_LIBS is on
[36m--[0m Boost version: 1.58.0
[36m--[0m Found the following Boost libraries:
[36m--[0m   system
[36m--[0m   filesystem
[36m--[0m   thread
[36m--[0m   date_time
[36m--[0m   iostreams
[36m--[0m   serialization
[36m--[0m   chrono
[36m--[0m   atomic
[36m--[0m   regex
[36m--[0m Checking for module 'libopenni2'
[36m--[0m   No package 'libopenni2' found
[36m--[0m Could NOT find OpenNI2 (missing:  OPENNI2_LIBRARY OPENNI2_INCLUDE_DIRS)
** WARNING ** io features related to openni2 will be disabled
** WARNING ** io features related to pcap will be disabled
** WARNING ** io features related to png will be disabled
[36m--[0m The imported target "vtkRenderingPythonTkWidgets" references the file
   "/usr/lib/x86_64-linux-gnu/libvtkRenderingPythonTkWidgets.so"
but this file does not exist.  Possible reasons include:
* The file was deleted, renamed, or moved to another location.
* An install or uninstall procedure did not complete successfully.
* The installation package was faulty and contained
   "/usr/lib/cmake/vtk-6.2/VTKTargets.cmake"
but not all the files it references.

[36m--[0m The imported target "vtk" references the file
   "/usr/bin/vtk"
but this file does not exist.  Possible reasons include:
* The file was deleted, renamed, or moved to another location.
* An install or uninstall procedure did not complete successfully.
* The installation package was faulty and contained
   "/usr/lib/cmake/vtk-6.2/VTKTargets.cmake"
but not all the files it references.

[36m--[0m Checking for module 'libopenni2'
[36m--[0m   No package 'libopenni2' found
[36m--[0m Could NOT find OpenNI2 (missing:  OPENNI2_LIBRARY OPENNI2_INCLUDE_DIRS)
** WARNING ** visualization features related to openni2 will be disabled
[36m--[0m looking for PCL_COMMON
[36m--[0m looking for PCL_KDTREE
[36m--[0m looking for PCL_OCTREE
[36m--[0m looking for PCL_SEARCH
[36m--[0m looking for PCL_IO
[36m--[0m looking for PCL_SAMPLE_CONSENSUS
[36m--[0m looking for PCL_FILTERS
[36m--[0m looking for PCL_GEOMETRY
[36m--[0m looking for PCL_FEATURES
[36m--[0m looking for PCL_SEGMENTATION
[36m--[0m looking for PCL_SURFACE
[36m--[0m looking for PCL_REGISTRATION
[36m--[0m looking for PCL_RECOGNITION
[36m--[0m looking for PCL_KEYPOINTS
[36m--[0m looking for PCL_VISUALIZATION
[36m--[0m looking for PCL_PEOPLE
[36m--[0m looking for PCL_OUTOFCORE
[36m--[0m looking for PCL_TRACKING
[36m--[0m looking for PCL_APPS
[36m--[0m Could NOT find PCL_APPS (missing:  PCL_APPS_LIBRARY)
[36m--[0m looking for PCL_MODELER
[36m--[0m looking for PCL_IN_HAND_SCANNER
[36m--[0m looking for PCL_POINT_CLOUD_EDITOR
[36m--[0m Configuring done
[31m[1mCMake Error[0m at /home/hi/analysis_ws/src/point_analyzer/CMakeLists.txt:218 (add_executable):
  Cannot find source file:

    estimate_normal.cpp

  Tried extensions .c .C .c++ .cc .cpp .cxx .m .M .mm .h .hh .h++ .hm .hpp
  .hxx .in .txx


CMake Error: CMake can not determine linker language for target: estimate_normal
CMake Error: Cannot determine link language for target "estimate_normal".
[36m--[0m Generating done
[36m--[0m Build files have been written to: /home/hi/analysis_ws/build/point_analyzer
